<?xml version="1.0" encoding="UTF-8"?>
<!-- Generated by org.testng.reporters.JUnitReportReporter -->
<testsuite hostname="JEYALAKSHMI" failures="0" tests="2" name="com.simplilearn.demo.LoginAutomation" time="7.920" errors="1" timestamp="2022-10-03T09:52:40 IST" skipped="1">
  <testcase classname="com.simplilearn.demo.LoginAutomation" name="Login" time="0.000">
    <skipped/>
  </testcase> <!-- Login -->
  <system-out/>
  <testcase classname="com.simplilearn.demo.LoginAutomation" name="SetUp" time="7.920">
    <error message="session not created: This version of ChromeDriver only supports Chrome version 107
Current browser version is 105.0.5195.127 with binary path C:\Users\User\AppData\Local\Google\Chrome\Application\chrome.exe
Build info: version: &#039;3.141.59&#039;, revision: &#039;e82be7d358&#039;, time: &#039;2018-11-14T08:17:03&#039;
System info: host: &#039;JEYALAKSHMI&#039;, ip: &#039;192.168.0.6&#039;, os.name: &#039;Windows 11&#039;, os.arch: &#039;amd64&#039;, os.version: &#039;10.0&#039;, java.version: &#039;17.0.3&#039;
Driver info: driver.version: ChromeDriver
remote stacktrace: Backtrace:
	Ordinal0 [0x00BB8CE3+2067683]
	Ordinal0 [0x00B4CBC1+1625025]
	Ordinal0 [0x00A4B7CD+571341]
	Ordinal0 [0x00A6DFED+712685]
	Ordinal0 [0x00A69286+692870]
	Ordinal0 [0x00A66BF9+683001]
	Ordinal0 [0x00A9DBF6+908278]
	Ordinal0 [0x00A9D6CA+906954]
	Ordinal0 [0x00A97156+880982]
	Ordinal0 [0x00A6FF1D+720669]
	Ordinal0 [0x00A70F5F+724831]
	GetHandleVerifier [0x00E6F162+2771330]
	GetHandleVerifier [0x00E61145+2713957]
	GetHandleVerifier [0x00C4CC0A+533546]
	GetHandleVerifier [0x00C4B970+528784]
	Ordinal0 [0x00B54F4C+1658700]
	Ordinal0 [0x00B598B8+1677496]
	Ordinal0 [0x00B599A5+1677733]
	Ordinal0 [0x00B64CC4+1723588]
	BaseThreadInitThunk [0x756F6739+25]
	RtlGetFullPathName_UEx [0x776890AF+1215]
	RtlGetFullPathName_UEx [0x7768907D+1165]
" type="org.openqa.selenium.SessionNotCreatedException">
      <![CDATA[org.openqa.selenium.SessionNotCreatedException: session not created: This version of ChromeDriver only supports Chrome version 107
Current browser version is 105.0.5195.127 with binary path C:\Users\User\AppData\Local\Google\Chrome\Application\chrome.exe
Build info: version: '3.141.59', revision: 'e82be7d358', time: '2018-11-14T08:17:03'
System info: host: 'JEYALAKSHMI', ip: '192.168.0.6', os.name: 'Windows 11', os.arch: 'amd64', os.version: '10.0', java.version: '17.0.3'
Driver info: driver.version: ChromeDriver
remote stacktrace: Backtrace:
Ordinal0 [0x00BB8CE3+2067683]
Ordinal0 [0x00B4CBC1+1625025]
Ordinal0 [0x00A4B7CD+571341]
Ordinal0 [0x00A6DFED+712685]
Ordinal0 [0x00A69286+692870]
Ordinal0 [0x00A66BF9+683001]
Ordinal0 [0x00A9DBF6+908278]
Ordinal0 [0x00A9D6CA+906954]
Ordinal0 [0x00A97156+880982]
Ordinal0 [0x00A6FF1D+720669]
Ordinal0 [0x00A70F5F+724831]
GetHandleVerifier [0x00E6F162+2771330]
GetHandleVerifier [0x00E61145+2713957]
GetHandleVerifier [0x00C4CC0A+533546]
GetHandleVerifier [0x00C4B970+528784]
Ordinal0 [0x00B54F4C+1658700]
Ordinal0 [0x00B598B8+1677496]
Ordinal0 [0x00B599A5+1677733]
Ordinal0 [0x00B64CC4+1723588]
BaseThreadInitThunk [0x756F6739+25]
RtlGetFullPathName_UEx [0x776890AF+1215]
RtlGetFullPathName_UEx [0x7768907D+1165]

at java.base/jdk.internal.reflect.NativeConstructorAccessorImpl.newInstance0(Native Method)
at java.base/jdk.internal.reflect.NativeConstructorAccessorImpl.newInstance(NativeConstructorAccessorImpl.java:77)
at java.base/jdk.internal.reflect.DelegatingConstructorAccessorImpl.newInstance(DelegatingConstructorAccessorImpl.java:45)
at java.base/java.lang.reflect.Constructor.newInstanceWithCaller(Constructor.java:499)
at java.base/java.lang.reflect.Constructor.newInstance(Constructor.java:480)
at org.openqa.selenium.remote.W3CHandshakeResponse.lambda$errorHandler$0(W3CHandshakeResponse.java:62)
at org.openqa.selenium.remote.HandshakeResponse.lambda$getResponseFunction$0(HandshakeResponse.java:30)
at org.openqa.selenium.remote.ProtocolHandshake.lambda$createSession$0(ProtocolHandshake.java:126)
at java.base/java.util.stream.ReferencePipeline$3$1.accept(ReferencePipeline.java:197)
at java.base/java.util.Spliterators$ArraySpliterator.tryAdvance(Spliterators.java:1002)
at java.base/java.util.stream.ReferencePipeline.forEachWithCancel(ReferencePipeline.java:129)
at java.base/java.util.stream.AbstractPipeline.copyIntoWithCancel(AbstractPipeline.java:527)
at java.base/java.util.stream.AbstractPipeline.copyInto(AbstractPipeline.java:513)
at java.base/java.util.stream.AbstractPipeline.wrapAndCopyInto(AbstractPipeline.java:499)
at java.base/java.util.stream.FindOps$FindOp.evaluateSequential(FindOps.java:150)
at java.base/java.util.stream.AbstractPipeline.evaluate(AbstractPipeline.java:234)
at java.base/java.util.stream.ReferencePipeline.findFirst(ReferencePipeline.java:647)
at org.openqa.selenium.remote.ProtocolHandshake.createSession(ProtocolHandshake.java:128)
at org.openqa.selenium.remote.ProtocolHandshake.createSession(ProtocolHandshake.java:74)
at org.openqa.selenium.remote.HttpCommandExecutor.execute(HttpCommandExecutor.java:136)
at org.openqa.selenium.remote.service.DriverCommandExecutor.execute(DriverCommandExecutor.java:83)
at org.openqa.selenium.remote.RemoteWebDriver.execute(RemoteWebDriver.java:552)
at org.openqa.selenium.remote.RemoteWebDriver.startSession(RemoteWebDriver.java:213)
at org.openqa.selenium.remote.RemoteWebDriver.<init>(RemoteWebDriver.java:131)
at org.openqa.selenium.chrome.ChromeDriver.<init>(ChromeDriver.java:181)
at org.openqa.selenium.chrome.ChromeDriver.<init>(ChromeDriver.java:168)
at org.openqa.selenium.chrome.ChromeDriver.<init>(ChromeDriver.java:123)
at com.simplilearn.demo.LoginAutomation.SetUp(LoginAutomation.java:21)
at java.base/jdk.internal.reflect.NativeMethodAccessorImpl.invoke0(Native Method)
at java.base/jdk.internal.reflect.NativeMethodAccessorImpl.invoke(NativeMethodAccessorImpl.java:77)
at java.base/jdk.internal.reflect.DelegatingMethodAccessorImpl.invoke(DelegatingMethodAccessorImpl.java:43)
at java.base/java.lang.reflect.Method.invoke(Method.java:568)
at org.testng.internal.MethodInvocationHelper.invokeMethod(MethodInvocationHelper.java:134)
at org.testng.internal.MethodInvocationHelper.invokeMethodConsideringTimeout(MethodInvocationHelper.java:63)
at org.testng.internal.ConfigInvoker.invokeConfigurationMethod(ConfigInvoker.java:348)
at org.testng.internal.ConfigInvoker.invokeConfigurations(ConfigInvoker.java:302)
at org.testng.SuiteRunner.privateRun(SuiteRunner.java:327)
at org.testng.SuiteRunner.run(SuiteRunner.java:286)
at org.testng.SuiteRunnerWorker.runSuite(SuiteRunnerWorker.java:53)
at org.testng.SuiteRunnerWorker.run(SuiteRunnerWorker.java:96)
at org.testng.TestNG.runSuitesSequentially(TestNG.java:1187)
at org.testng.TestNG.runSuitesLocally(TestNG.java:1109)
at org.testng.TestNG.runSuites(TestNG.java:1039)
at org.testng.TestNG.run(TestNG.java:1007)
at org.testng.remote.AbstractRemoteTestNG.run(AbstractRemoteTestNG.java:115)
at org.testng.remote.RemoteTestNG.initAndRun(RemoteTestNG.java:251)
at org.testng.remote.RemoteTestNG.main(RemoteTestNG.java:77)
]]>
    </error>
  </testcase> <!-- SetUp -->
  <system-out/>
</testsuite> <!-- com.simplilearn.demo.LoginAutomation -->
