<?xml version="1.0" encoding="UTF-8"?>
<testng-results ignored="0" total="4" passed="3" failed="1" skipped="0">
  <reporter-output>
  </reporter-output>
  <suite started-at="2022-10-11T14:26:11 IST" name="Default suite" finished-at="2022-10-11T14:27:34 IST" duration-ms="83815">
    <groups>
      <group name="Chrome">
        <method signature="Automation.LaunchChrome()[pri:0, instance:ecommerce.Automation@272ed83b]" name="LaunchChrome" class="ecommerce.Automation"/>
        <method signature="Automation.f()[pri:0, instance:ecommerce.Automation@272ed83b]" name="f" class="ecommerce.Automation"/>
      </group> <!-- Chrome -->
      <group name="Firefox">
        <method signature="Automation.LaunchFirefox()[pri:0, instance:ecommerce.Automation@272ed83b]" name="LaunchFirefox" class="ecommerce.Automation"/>
        <method signature="Automation.firefox()[pri:0, instance:ecommerce.Automation@272ed83b]" name="firefox" class="ecommerce.Automation"/>
      </group> <!-- Firefox -->
    </groups>
    <test started-at="2022-10-11T14:26:11 IST" name="Default test" finished-at="2022-10-11T14:27:34 IST" duration-ms="83815">
      <class name="ecommerce.Automation">
        <test-method signature="LaunchChrome()[pri:0, instance:ecommerce.Automation@272ed83b]" started-at="2022-10-11T14:26:11 IST" name="LaunchChrome" finished-at="2022-10-11T14:26:13 IST" duration-ms="2024" status="PASS">
          <reporter-output>
          </reporter-output>
        </test-method> <!-- LaunchChrome -->
        <test-method signature="LaunchFirefox()[pri:0, instance:ecommerce.Automation@272ed83b]" started-at="2022-10-11T14:26:13 IST" name="LaunchFirefox" finished-at="2022-10-11T14:26:17 IST" duration-ms="4006" status="PASS">
          <reporter-output>
          </reporter-output>
        </test-method> <!-- LaunchFirefox -->
        <test-method signature="f()[pri:0, instance:ecommerce.Automation@272ed83b]" started-at="2022-10-11T14:26:17 IST" name="f" finished-at="2022-10-11T14:27:34 IST" depends-on-methods="ecommerce.Automation.LaunchChrome" duration-ms="77477" status="PASS">
          <reporter-output>
          </reporter-output>
        </test-method> <!-- f -->
        <test-method signature="firefox()[pri:0, instance:ecommerce.Automation@272ed83b]" started-at="2022-10-11T14:27:34 IST" name="firefox" finished-at="2022-10-11T14:27:34 IST" depends-on-methods="ecommerce.Automation.LaunchFirefox" duration-ms="183" status="FAIL">
          <exception class="org.openqa.selenium.SessionNotCreatedException">
            <message>
              <![CDATA[Could not start a new session. Possible causes are invalid address of the remote server or browser start-up failure.]]>
            </message>
            <full-stacktrace>
              <![CDATA[org.openqa.selenium.SessionNotCreatedException: Could not start a new session. Possible causes are invalid address of the remote server or browser start-up failure.
at org.openqa.selenium.remote.RemoteWebDriver.execute(RemoteWebDriver.java:565)
at org.openqa.selenium.remote.RemoteWebDriver.startSession(RemoteWebDriver.java:242)
at org.openqa.selenium.remote.RemoteWebDriver.<init>(RemoteWebDriver.java:157)
at org.openqa.selenium.firefox.FirefoxDriver.<init>(FirefoxDriver.java:110)
at org.openqa.selenium.firefox.FirefoxDriver.<init>(FirefoxDriver.java:98)
at org.openqa.selenium.firefox.FirefoxDriver.<init>(FirefoxDriver.java:94)
at ecommerce.Automation.firefox(Automation.java:85)
at java.base/jdk.internal.reflect.NativeMethodAccessorImpl.invoke0(Native Method)
at java.base/jdk.internal.reflect.NativeMethodAccessorImpl.invoke(NativeMethodAccessorImpl.java:77)
at java.base/jdk.internal.reflect.DelegatingMethodAccessorImpl.invoke(DelegatingMethodAccessorImpl.java:43)
at java.base/java.lang.reflect.Method.invoke(Method.java:568)
at org.testng.internal.MethodInvocationHelper.invokeMethod(MethodInvocationHelper.java:133)
at org.testng.internal.TestInvoker.invokeMethod(TestInvoker.java:584)
at org.testng.internal.TestInvoker.invokeTestMethod(TestInvoker.java:172)
at org.testng.internal.MethodRunner.runInSequence(MethodRunner.java:46)
at org.testng.internal.TestInvoker$MethodInvocationAgent.invoke(TestInvoker.java:804)
at org.testng.internal.TestInvoker.invokeTestMethods(TestInvoker.java:145)
at org.testng.internal.TestMethodWorker.invokeTestMethods(TestMethodWorker.java:146)
at org.testng.internal.TestMethodWorker.run(TestMethodWorker.java:128)
at java.base/java.util.ArrayList.forEach(ArrayList.java:1511)
at org.testng.TestRunner.privateRun(TestRunner.java:770)
at org.testng.TestRunner.run(TestRunner.java:591)
at org.testng.SuiteRunner.runTest(SuiteRunner.java:402)
at org.testng.SuiteRunner.runSequentially(SuiteRunner.java:396)
at org.testng.SuiteRunner.privateRun(SuiteRunner.java:355)
at org.testng.SuiteRunner.run(SuiteRunner.java:304)
at org.testng.SuiteRunnerWorker.runSuite(SuiteRunnerWorker.java:53)
at org.testng.SuiteRunnerWorker.run(SuiteRunnerWorker.java:96)
at org.testng.TestNG.runSuitesSequentially(TestNG.java:1180)
at org.testng.TestNG.runSuitesLocally(TestNG.java:1102)
at org.testng.TestNG.runSuites(TestNG.java:1032)
at org.testng.TestNG.run(TestNG.java:1000)
at org.testng.remote.AbstractRemoteTestNG.run(AbstractRemoteTestNG.java:115)
at org.testng.remote.RemoteTestNG.initAndRun(RemoteTestNG.java:251)
at org.testng.remote.RemoteTestNG.main(RemoteTestNG.java:77)
Caused by: org.openqa.selenium.WebDriverException: Driver server process died prematurely.
Build info: version: '4.4.0', revision: 'e5c75ed026a'
System info: host: 'IMPLEX', ip: '100.127.255.249', os.name: 'Windows 10', os.arch: 'amd64', os.version: '10.0', java.version: '17.0.3'
Driver info: driver.version: FirefoxDriver
at org.openqa.selenium.remote.service.DriverService.start(DriverService.java:226)
at org.openqa.selenium.remote.service.DriverCommandExecutor.execute(DriverCommandExecutor.java:98)
at org.openqa.selenium.remote.RemoteWebDriver.execute(RemoteWebDriver.java:547)
... 34 more
]]>
            </full-stacktrace>
          </exception> <!-- org.openqa.selenium.SessionNotCreatedException -->
          <reporter-output>
          </reporter-output>
        </test-method> <!-- firefox -->
      </class> <!-- ecommerce.Automation -->
    </test> <!-- Default test -->
  </suite> <!-- Default suite -->
</testng-results>
